2018-03-30 14:24:56.243  INFO 11752 --- [main] cn.pavelyq.mf.MfApplicationTests         : Starting MfApplicationTests on USER-20160805IS with PID 11752 (started by Pavel in F:\pavel\mf)
2018-03-30 14:24:56.245  INFO 11752 --- [main] cn.pavelyq.mf.MfApplicationTests         : No active profile set, falling back to default profiles: default
2018-03-30 14:24:56.278  INFO 11752 --- [main] o.s.w.c.s.GenericWebApplicationContext   : Refreshing org.springframework.web.context.support.GenericWebApplicationContext@68c9133c: startup date [Fri Mar 30 14:24:56 CST 2018]; root of context hierarchy
2018-03-30 14:24:58.114  INFO 11752 --- [main] s.w.s.m.m.a.RequestMappingHandlerAdapter : Looking for @ControllerAdvice: org.springframework.web.context.support.GenericWebApplicationContext@68c9133c: startup date [Fri Mar 30 14:24:56 CST 2018]; root of context hierarchy
2018-03-30 14:24:58.270  INFO 11752 --- [main] s.w.s.m.m.a.RequestMappingHandlerMapping : Mapped "{[/import]}" onto public void cn.pavelyq.mf.DataImport.importData(java.lang.String) throws java.io.IOException,java.sql.SQLException
2018-03-30 14:24:58.276  INFO 11752 --- [main] s.w.s.m.m.a.RequestMappingHandlerMapping : Mapped "{[/error]}" onto public org.springframework.http.ResponseEntity<java.util.Map<java.lang.String, java.lang.Object>> org.springframework.boot.autoconfigure.web.servlet.error.BasicErrorController.error(javax.servlet.http.HttpServletRequest)
2018-03-30 14:24:58.277  INFO 11752 --- [main] s.w.s.m.m.a.RequestMappingHandlerMapping : Mapped "{[/error],produces=[text/html]}" onto public org.springframework.web.servlet.ModelAndView org.springframework.boot.autoconfigure.web.servlet.error.BasicErrorController.errorHtml(javax.servlet.http.HttpServletRequest,javax.servlet.http.HttpServletResponse)
2018-03-30 14:24:58.321  INFO 11752 --- [main] o.s.w.s.handler.SimpleUrlHandlerMapping  : Mapped URL path [/webjars/**] onto handler of type [class org.springframework.web.servlet.resource.ResourceHttpRequestHandler]
2018-03-30 14:24:58.321  INFO 11752 --- [main] o.s.w.s.handler.SimpleUrlHandlerMapping  : Mapped URL path [/**] onto handler of type [class org.springframework.web.servlet.resource.ResourceHttpRequestHandler]
2018-03-30 14:24:58.368  INFO 11752 --- [main] o.s.w.s.handler.SimpleUrlHandlerMapping  : Mapped URL path [/**/favicon.ico] onto handler of type [class org.springframework.web.servlet.resource.ResourceHttpRequestHandler]
2018-03-30 14:24:58.633  INFO 11752 --- [main] cn.pavelyq.mf.MfApplicationTests         : Started MfApplicationTests in 2.733 seconds (JVM running for 3.619)
2018-03-30 14:24:58.782  INFO 11752 --- [Thread-2] o.s.w.c.s.GenericWebApplicationContext   : Closing org.springframework.web.context.support.GenericWebApplicationContext@68c9133c: startup date [Fri Mar 30 14:24:56 CST 2018]; root of context hierarchy
2018-03-30 16:33:28.780  INFO 4668 --- [main] cn.pavelyq.mf.MfApplicationTests         : Starting MfApplicationTests on USER-20160805IS with PID 4668 (started by Pavel in F:\pavel\mf)
2018-03-30 16:33:28.794  INFO 4668 --- [main] cn.pavelyq.mf.MfApplicationTests         : No active profile set, falling back to default profiles: default
2018-03-30 16:33:28.826  INFO 4668 --- [main] o.s.w.c.s.GenericWebApplicationContext   : Refreshing org.springframework.web.context.support.GenericWebApplicationContext@cc43f62: startup date [Fri Mar 30 16:33:28 CST 2018]; root of context hierarchy
2018-03-30 16:33:30.546  INFO 4668 --- [main] s.w.s.m.m.a.RequestMappingHandlerAdapter : Looking for @ControllerAdvice: org.springframework.web.context.support.GenericWebApplicationContext@cc43f62: startup date [Fri Mar 30 16:33:28 CST 2018]; root of context hierarchy
2018-03-30 16:33:30.621  INFO 4668 --- [main] s.w.s.m.m.a.RequestMappingHandlerMapping : Mapped "{[/import]}" onto public void cn.pavelyq.mf.DataImport.importData(java.lang.String) throws java.io.IOException,java.sql.SQLException
2018-03-30 16:33:30.625  INFO 4668 --- [main] s.w.s.m.m.a.RequestMappingHandlerMapping : Mapped "{[/error]}" onto public org.springframework.http.ResponseEntity<java.util.Map<java.lang.String, java.lang.Object>> org.springframework.boot.autoconfigure.web.servlet.error.BasicErrorController.error(javax.servlet.http.HttpServletRequest)
2018-03-30 16:33:30.626  INFO 4668 --- [main] s.w.s.m.m.a.RequestMappingHandlerMapping : Mapped "{[/error],produces=[text/html]}" onto public org.springframework.web.servlet.ModelAndView org.springframework.boot.autoconfigure.web.servlet.error.BasicErrorController.errorHtml(javax.servlet.http.HttpServletRequest,javax.servlet.http.HttpServletResponse)
2018-03-30 16:33:30.670  INFO 4668 --- [main] o.s.w.s.handler.SimpleUrlHandlerMapping  : Mapped URL path [/webjars/**] onto handler of type [class org.springframework.web.servlet.resource.ResourceHttpRequestHandler]
2018-03-30 16:33:30.670  INFO 4668 --- [main] o.s.w.s.handler.SimpleUrlHandlerMapping  : Mapped URL path [/**] onto handler of type [class org.springframework.web.servlet.resource.ResourceHttpRequestHandler]
2018-03-30 16:33:30.727  INFO 4668 --- [main] o.s.w.s.handler.SimpleUrlHandlerMapping  : Mapped URL path [/**/favicon.ico] onto handler of type [class org.springframework.web.servlet.resource.ResourceHttpRequestHandler]
2018-03-30 16:33:31.002  INFO 4668 --- [main] cn.pavelyq.mf.MfApplicationTests         : Started MfApplicationTests in 2.546 seconds (JVM running for 3.357)
2018-03-30 16:33:31.120  INFO 4668 --- [Thread-2] o.s.w.c.s.GenericWebApplicationContext   : Closing org.springframework.web.context.support.GenericWebApplicationContext@cc43f62: startup date [Fri Mar 30 16:33:28 CST 2018]; root of context hierarchy
2018-03-30 16:33:44.089  INFO 1660 --- [main] cn.pavelyq.mf.MfApplicationTests         : Starting MfApplicationTests on USER-20160805IS with PID 1660 (started by Pavel in F:\pavel\mf)
2018-03-30 16:33:44.091  INFO 1660 --- [main] cn.pavelyq.mf.MfApplicationTests         : No active profile set, falling back to default profiles: default
2018-03-30 16:33:44.131  INFO 1660 --- [main] o.s.w.c.s.GenericWebApplicationContext   : Refreshing org.springframework.web.context.support.GenericWebApplicationContext@2cb4893b: startup date [Fri Mar 30 16:33:44 CST 2018]; root of context hierarchy
2018-03-30 16:33:45.918  INFO 1660 --- [main] s.w.s.m.m.a.RequestMappingHandlerAdapter : Looking for @ControllerAdvice: org.springframework.web.context.support.GenericWebApplicationContext@2cb4893b: startup date [Fri Mar 30 16:33:44 CST 2018]; root of context hierarchy
2018-03-30 16:33:45.998  INFO 1660 --- [main] s.w.s.m.m.a.RequestMappingHandlerMapping : Mapped "{[/import]}" onto public void cn.pavelyq.mf.DataImport.importData(java.lang.String) throws java.io.IOException,java.sql.SQLException
2018-03-30 16:33:46.003  INFO 1660 --- [main] s.w.s.m.m.a.RequestMappingHandlerMapping : Mapped "{[/error]}" onto public org.springframework.http.ResponseEntity<java.util.Map<java.lang.String, java.lang.Object>> org.springframework.boot.autoconfigure.web.servlet.error.BasicErrorController.error(javax.servlet.http.HttpServletRequest)
2018-03-30 16:33:46.004  INFO 1660 --- [main] s.w.s.m.m.a.RequestMappingHandlerMapping : Mapped "{[/error],produces=[text/html]}" onto public org.springframework.web.servlet.ModelAndView org.springframework.boot.autoconfigure.web.servlet.error.BasicErrorController.errorHtml(javax.servlet.http.HttpServletRequest,javax.servlet.http.HttpServletResponse)
2018-03-30 16:33:46.041  INFO 1660 --- [main] o.s.w.s.handler.SimpleUrlHandlerMapping  : Mapped URL path [/webjars/**] onto handler of type [class org.springframework.web.servlet.resource.ResourceHttpRequestHandler]
2018-03-30 16:33:46.042  INFO 1660 --- [main] o.s.w.s.handler.SimpleUrlHandlerMapping  : Mapped URL path [/**] onto handler of type [class org.springframework.web.servlet.resource.ResourceHttpRequestHandler]
2018-03-30 16:33:46.082  INFO 1660 --- [main] o.s.w.s.handler.SimpleUrlHandlerMapping  : Mapped URL path [/**/favicon.ico] onto handler of type [class org.springframework.web.servlet.resource.ResourceHttpRequestHandler]
2018-03-30 16:33:46.335  INFO 1660 --- [main] cn.pavelyq.mf.MfApplicationTests         : Started MfApplicationTests in 2.586 seconds (JVM running for 3.427)
2018-03-30 16:33:46.460  INFO 1660 --- [Thread-2] o.s.w.c.s.GenericWebApplicationContext   : Closing org.springframework.web.context.support.GenericWebApplicationContext@2cb4893b: startup date [Fri Mar 30 16:33:44 CST 2018]; root of context hierarchy
